TradingView Futures Bot — Test Execution Log
Generated: 2026-07-01T01:52:43Z

============================= test session starts ==============================
platform linux -- Python 3.11.15, pytest-9.1.1, pluggy-1.6.0 -- /usr/local/bin/python
cachedir: .pytest_cache
rootdir: /home/user/nq-walkforward
plugins: asyncio-1.4.0, anyio-4.14.1
asyncio: mode=Mode.STRICT, debug=False, asyncio_default_fixture_loop_scope=None, asyncio_default_test_loop_scope=function
collecting ... collected 83 items

bot/tests/test_broker.py::test_get_account_valid PASSED                  [  1%]
bot/tests/test_broker.py::test_place_order_valid_execution PASSED        [  2%]
bot/tests/test_broker.py::test_network_timeout_becomes_broker_network_error PASSED [  3%]
bot/tests/test_broker.py::test_5xx_is_retryable_network_error PASSED     [  4%]
bot/tests/test_broker.py::test_4xx_is_non_retryable_rejection PASSED     [  6%]
bot/tests/test_broker.py::test_with_retry_succeeds_after_transient_failures PASSED [  7%]
bot/tests/test_broker.py::test_with_retry_truncated_exponential_schedule PASSED [  8%]
bot/tests/test_broker.py::test_with_retry_respects_max_delay_ceiling PASSED [  9%]
bot/tests/test_contracts.py::test_known_multipliers_match_spec PASSED    [ 10%]
bot/tests/test_contracts.py::test_tick_value_is_multiplier_times_tick_size PASSED [ 12%]
bot/tests/test_contracts.py::test_normalize_symbol[ES-ES] PASSED         [ 13%]
bot/tests/test_contracts.py::test_normalize_symbol[es-ES] PASSED         [ 14%]
bot/tests/test_contracts.py::test_normalize_symbol[ESM2024-ES] PASSED    [ 15%]
bot/tests/test_contracts.py::test_normalize_symbol[MNQ-MNQ] PASSED       [ 16%]
bot/tests/test_contracts.py::test_normalize_symbol[MNQM2025-MNQ] PASSED  [ 18%]
bot/tests/test_contracts.py::test_normalize_symbol[NQ-Z25-NQ] PASSED     [ 19%]
bot/tests/test_contracts.py::test_normalize_symbol[MES!-MES] PASSED      [ 20%]
bot/tests/test_contracts.py::test_unknown_symbol_raises PASSED           [ 21%]
bot/tests/test_contracts.py::test_all_specs_have_positive_margin PASSED  [ 22%]
bot/tests/test_dashboard.py::test_dashboard_requires_token PASSED        [ 24%]
bot/tests/test_dashboard.py::test_api_state_requires_token PASSED        [ 25%]
bot/tests/test_dashboard.py::test_api_state_reflects_fills PASSED        [ 26%]
bot/tests/test_dashboard.py::test_dashboard_disabled_when_no_token_configured PASSED [ 27%]
bot/tests/test_engine.py::test_happy_path_fills_and_records PASSED       [ 28%]
bot/tests/test_engine.py::test_idempotent_rapid_fire PASSED              [ 30%]
bot/tests/test_engine.py::test_position_cap_rejection PASSED             [ 31%]
bot/tests/test_engine.py::test_margin_rejection PASSED                   [ 32%]
bot/tests/test_engine.py::test_unknown_symbol_rejected_without_claim PASSED [ 33%]
bot/tests/test_engine.py::test_retry_then_success PASSED                 [ 34%]
bot/tests/test_engine.py::test_retry_exhaustion_logs_and_saves_state PASSED [ 36%]
bot/tests/test_engine.py::test_account_fetch_retry_exhaustion PASSED     [ 37%]
bot/tests/test_engine.py::test_daily_drawdown_halt_blocks_new_entry PASSED [ 38%]
bot/tests/test_engine.py::test_sell_then_buy_realizes_pnl PASSED         [ 39%]
bot/tests/test_notify.py::test_notifier_disabled_without_credentials PASSED [ 40%]
bot/tests/test_notify.py::test_notifier_posts_to_telegram PASSED         [ 42%]
bot/tests/test_notify.py::test_notifier_swallows_errors PASSED           [ 43%]
bot/tests/test_notify.py::test_engine_notifies_on_fill_not_on_duplicate PASSED [ 44%]
bot/tests/test_notify.py::test_format_result_includes_key_fields PASSED  [ 45%]
bot/tests/test_pricing.py::test_points_and_ticks PASSED                  [ 46%]
bot/tests/test_pricing.py::test_dollar_value_uses_multiplier PASSED      [ 48%]
bot/tests/test_pricing.py::test_pnl_long_and_short PASSED                [ 49%]
bot/tests/test_pricing.py::test_round_to_tick PASSED                     [ 50%]
bot/tests/test_pricing.py::test_required_margin PASSED                   [ 51%]
bot/tests/test_pricing.py::test_margin_check_pass PASSED                 [ 53%]
bot/tests/test_pricing.py::test_margin_check_reject_over_threshold PASSED [ 54%]
bot/tests/test_pricing.py::test_margin_check_zero_equity PASSED          [ 55%]
bot/tests/test_risk.py::test_approves_within_limits PASSED               [ 56%]
bot/tests/test_risk.py::test_position_cap_blocks_third_contract PASSED   [ 57%]
bot/tests/test_risk.py::test_position_cap_allows_reducing_trade PASSED   [ 59%]
bot/tests/test_risk.py::test_margin_rejection PASSED                     [ 60%]
bot/tests/test_risk.py::test_daily_drawdown_halts_new_entries PASSED     [ 61%]
bot/tests/test_risk.py::test_daily_drawdown_uses_mark_to_market PASSED   [ 62%]
bot/tests/test_state.py::test_claim_order_is_idempotent PASSED           [ 63%]
bot/tests/test_state.py::test_finalize_order PASSED                      [ 65%]
bot/tests/test_state.py::test_apply_fill_open_and_average PASSED         [ 66%]
bot/tests/test_state.py::test_apply_fill_realizes_pnl_on_close PASSED    [ 67%]
bot/tests/test_state.py::test_apply_fill_flip_through_flat PASSED        [ 68%]
bot/tests/test_state.py::test_realized_pnl_today_sums_transactions PASSED [ 69%]
bot/tests/test_state.py::test_net_contracts_and_open_positions PASSED    [ 71%]
bot/tests/test_state.py::test_snapshot_shape PASSED                      [ 72%]
bot/tests/test_state.py::test_file_persistence PASSED                    [ 73%]
bot/tests/test_traderspost.py::test_get_account_uses_configured_equity PASSED [ 74%]
bot/tests/test_traderspost.py::test_place_order_posts_traderspost_payload PASSED [ 75%]
bot/tests/test_traderspost.py::test_stop_loss_attached_for_long PASSED   [ 77%]
bot/tests/test_traderspost.py::test_stop_loss_attached_for_short_and_tick_rounded PASSED [ 78%]
bot/tests/test_traderspost.py::test_full_bracket_stop_and_take_profit PASSED [ 79%]
bot/tests/test_traderspost.py::test_no_stop_when_disabled PASSED         [ 80%]
bot/tests/test_traderspost.py::test_place_order_without_id_synthesizes_one PASSED [ 81%]
bot/tests/test_traderspost.py::test_timeout_is_network_error PASSED      [ 83%]
bot/tests/test_traderspost.py::test_4xx_is_rejection PASSED              [ 84%]
bot/tests/test_traderspost.py::test_5xx_is_retryable_network_error PASSED [ 85%]
bot/tests/test_traderspost.py::test_build_broker_selects_traderspost PASSED [ 86%]
bot/tests/test_traderspost.py::test_build_broker_requires_url PASSED     [ 87%]
bot/tests/test_traderspost.py::test_engine_fills_through_traderspost PASSED [ 89%]
bot/tests/test_webhook.py::test_health PASSED                            [ 90%]
bot/tests/test_webhook.py::test_valid_webhook_fills PASSED               [ 91%]
bot/tests/test_webhook.py::test_invalid_passphrase_401 PASSED            [ 92%]
bot/tests/test_webhook.py::test_malformed_payload_422 PASSED             [ 93%]
bot/tests/test_webhook.py::test_negative_quantity_rejected_422 PASSED    [ 95%]
bot/tests/test_webhook.py::test_duplicate_webhook_returns_duplicate PASSED [ 96%]
bot/tests/test_webhook.py::test_network_failure_returns_503_and_logs PASSED [ 97%]
bot/tests/test_webhook.py::test_positions_endpoint PASSED                [ 98%]
bot/tests/test_webhook.py::test_unknown_symbol_rejected PASSED           [100%]

=============================== warnings summary ===============================
../../../usr/local/lib/python3.11/dist-packages/fastapi/testclient.py:1
  /usr/local/lib/python3.11/dist-packages/fastapi/testclient.py:1: StarletteDeprecationWarning: Using `httpx` with `starlette.testclient` is deprecated; install `httpx2` instead.
    from starlette.testclient import TestClient as TestClient  # noqa

-- Docs: https://docs.pytest.org/en/stable/how-to/capture-warnings.html
======================== 83 passed, 1 warning in 0.60s =========================
